----------------------|---------|----------|---------|---------|-------------------
File                  | % Stmts | % Branch | % Funcs | % Lines | Uncovered Line #s 
----------------------|---------|----------|---------|---------|-------------------
All files             |     100 |      100 |     100 |     100 |                   
 ...ramsForGetUser.ts |     100 |      100 |     100 |     100 |                   
 getUserFromDB.ts     |     100 |      100 |     100 |     100 |                   
----------------------|---------|----------|---------|---------|-------------------
